/scratch2/f004ndc/RL-Decoder with SAE Features/src/sae_training.py:158: FutureWarning: `torch.cuda.amp.GradScaler(args...)` is deprecated. Please use `torch.amp.GradScaler('cuda', args...)` instead.
  self.scaler = GradScaler() if self.use_amp else None
/scratch2/f004ndc/RL-Decoder with SAE Features/src/sae_training.py:196: FutureWarning: `torch.cuda.amp.autocast(args...)` is deprecated. Please use `torch.amp.autocast('cuda', args...)` instead.
  with autocast(dtype=self.dtype):
/scratch2/f004ndc/RL-Decoder with SAE Features/src/sae_training.py:223: UserWarning: Detected call of `lr_scheduler.step()` before `optimizer.step()`. In PyTorch 1.1.0 and later, you should call them in the opposite order: `optimizer.step()` before `lr_scheduler.step()`.  Failure to do this will result in PyTorch skipping the first value of the learning rate schedule. See more details at https://pytorch.org/docs/stable/optim.html#how-to-adjust-learning-rate
  self.scheduler.step()
[Dataset] Found 1 shards in /tmp/gpt2_gsm8k_acts/gsm8k/train
[training] Starting SAE training
  Config: 768D → 9216D
  Device: cuda:0, AMP: True
  Max epochs: 10, Max steps: None

[epoch 0] avg_loss=188.3131, time=3.1s (18 steps)
[epoch 1] avg_loss=133.8120, time=2.7s (18 steps)
[epoch 2] avg_loss=117.5326, time=2.7s (18 steps)
[epoch 3] avg_loss=96.9787, time=2.7s (18 steps)
[epoch 4] avg_loss=75.7061, time=2.7s (18 steps)
[05] step=000100 | loss=56.0831 (recon=56.0817, l1=1.2461, decorr=0.0013) | sparsity=48.96% | lr=1.00e-05 | 82.6ms
[epoch 5] avg_loss=56.7992, time=2.7s (18 steps)
[epoch 6] avg_loss=42.1037, time=2.7s (18 steps)
[epoch 7] avg_loss=31.8071, time=2.8s (18 steps)
[epoch 8] avg_loss=24.8295, time=2.7s (18 steps)
[epoch 9] avg_loss=19.8384, time=2.8s (18 steps)

[training] Complete!
  Total steps: 180
  Total time: 27.7s
  Avg time/step: 153.7ms
[checkpoint] saved to /scratch2/f004ndc/RL-Decoder with SAE Features/checkpoints/sae/sae_768d_final.pt

[done] Training summary:
  total_steps: 180
  total_time_seconds: 27.659794684499502
  avg_time_per_step_ms: 153.66552602499723
  final_loss: 18.150287628173828
  model_saved: /scratch2/f004ndc/RL-Decoder with SAE Features/checkpoints/sae
