/scratch2/f004ndc/RL-Decoder with SAE Features/src/sae_training.py:158: FutureWarning: `torch.cuda.amp.GradScaler(args...)` is deprecated. Please use `torch.amp.GradScaler('cuda', args...)` instead.
  self.scaler = GradScaler() if self.use_amp else None
/scratch2/f004ndc/RL-Decoder with SAE Features/src/sae_training.py:196: FutureWarning: `torch.cuda.amp.autocast(args...)` is deprecated. Please use `torch.amp.autocast('cuda', args...)` instead.
  with autocast(dtype=self.dtype):
/scratch2/f004ndc/RL-Decoder with SAE Features/src/sae_training.py:223: UserWarning: Detected call of `lr_scheduler.step()` before `optimizer.step()`. In PyTorch 1.1.0 and later, you should call them in the opposite order: `optimizer.step()` before `lr_scheduler.step()`.  Failure to do this will result in PyTorch skipping the first value of the learning rate schedule. See more details at https://pytorch.org/docs/stable/optim.html#how-to-adjust-learning-rate
  self.scheduler.step()
[Dataset] Found 1 shards in /tmp/gpt2_gsm8k_acts/gsm8k/train
[training] Starting SAE training
  Config: 768D → 3072D
  Device: cuda:0, AMP: True
  Max epochs: 10, Max steps: None

[epoch 0] avg_loss=85.6243, time=2.3s (18 steps)
[epoch 1] avg_loss=66.1495, time=1.8s (18 steps)
[epoch 2] avg_loss=62.1511, time=1.8s (18 steps)
[epoch 3] avg_loss=56.7075, time=1.8s (18 steps)
[epoch 4] avg_loss=50.4236, time=1.7s (18 steps)
[05] step=000100 | loss=43.6210 (recon=43.6196, l1=1.2510, decorr=0.0013) | sparsity=49.07% | lr=1.00e-05 | 31.1ms
[epoch 5] avg_loss=43.9167, time=1.8s (18 steps)
[epoch 6] avg_loss=37.6883, time=1.8s (18 steps)
[epoch 7] avg_loss=32.0764, time=1.8s (18 steps)
[epoch 8] avg_loss=27.3009, time=1.8s (18 steps)
[epoch 9] avg_loss=23.3770, time=1.8s (18 steps)

[training] Complete!
  Total steps: 180
  Total time: 18.4s
  Avg time/step: 102.1ms
[checkpoint] saved to /scratch2/f004ndc/RL-Decoder with SAE Features/checkpoints/sae/sae_768d_final.pt

[done] Training summary:
  total_steps: 180
  total_time_seconds: 18.379613552242517
  avg_time_per_step_ms: 102.1089641791251
  final_loss: 22.01877212524414
  model_saved: /scratch2/f004ndc/RL-Decoder with SAE Features/checkpoints/sae
