/scratch2/f004ndc/RL-Decoder with SAE Features/src/sae_training.py:158: FutureWarning: `torch.cuda.amp.GradScaler(args...)` is deprecated. Please use `torch.amp.GradScaler('cuda', args...)` instead.
  self.scaler = GradScaler() if self.use_amp else None
/scratch2/f004ndc/RL-Decoder with SAE Features/src/sae_training.py:196: FutureWarning: `torch.cuda.amp.autocast(args...)` is deprecated. Please use `torch.amp.autocast('cuda', args...)` instead.
  with autocast(dtype=self.dtype):
/scratch2/f004ndc/RL-Decoder with SAE Features/src/sae_training.py:223: UserWarning: Detected call of `lr_scheduler.step()` before `optimizer.step()`. In PyTorch 1.1.0 and later, you should call them in the opposite order: `optimizer.step()` before `lr_scheduler.step()`.  Failure to do this will result in PyTorch skipping the first value of the learning rate schedule. See more details at https://pytorch.org/docs/stable/optim.html#how-to-adjust-learning-rate
  self.scheduler.step()
[Dataset] Found 1 shards in /tmp/gpt2_gsm8k_acts/gsm8k/train
[training] Starting SAE training
  Config: 768D → 15360D
  Device: cuda:0, AMP: True
  Max epochs: 10, Max steps: None

[epoch 0] avg_loss=314.7781, time=4.1s (18 steps)
[epoch 1] avg_loss=215.5110, time=3.8s (18 steps)
[epoch 2] avg_loss=180.5773, time=3.8s (18 steps)
[epoch 3] avg_loss=139.1660, time=3.8s (18 steps)
[epoch 4] avg_loss=100.4318, time=3.9s (18 steps)
[05] step=000100 | loss=69.3099 (recon=69.3085, l1=1.2656, decorr=0.0013) | sparsity=49.32% | lr=1.00e-05 | 146.1ms
[epoch 5] avg_loss=70.5069, time=3.8s (18 steps)
[epoch 6] avg_loss=50.4549, time=3.8s (18 steps)
[epoch 7] avg_loss=37.4527, time=3.9s (18 steps)
[epoch 8] avg_loss=28.7095, time=3.7s (18 steps)
[epoch 9] avg_loss=22.3665, time=3.7s (18 steps)

[training] Complete!
  Total steps: 180
  Total time: 38.4s
  Avg time/step: 213.3ms
[checkpoint] saved to /scratch2/f004ndc/RL-Decoder with SAE Features/checkpoints/sae/sae_768d_final.pt

[done] Training summary:
  total_steps: 180
  total_time_seconds: 38.39656755886972
  avg_time_per_step_ms: 213.31426421594287
  final_loss: 20.129592895507812
  model_saved: /scratch2/f004ndc/RL-Decoder with SAE Features/checkpoints/sae
