/scratch2/f004ndc/RL-Decoder with SAE Features/src/sae_training.py:158: FutureWarning: `torch.cuda.amp.GradScaler(args...)` is deprecated. Please use `torch.amp.GradScaler('cuda', args...)` instead.
  self.scaler = GradScaler() if self.use_amp else None
/scratch2/f004ndc/RL-Decoder with SAE Features/src/sae_training.py:196: FutureWarning: `torch.cuda.amp.autocast(args...)` is deprecated. Please use `torch.amp.autocast('cuda', args...)` instead.
  with autocast(dtype=self.dtype):
/scratch2/f004ndc/RL-Decoder with SAE Features/src/sae_training.py:223: UserWarning: Detected call of `lr_scheduler.step()` before `optimizer.step()`. In PyTorch 1.1.0 and later, you should call them in the opposite order: `optimizer.step()` before `lr_scheduler.step()`.  Failure to do this will result in PyTorch skipping the first value of the learning rate schedule. See more details at https://pytorch.org/docs/stable/optim.html#how-to-adjust-learning-rate
  self.scheduler.step()
[Dataset] Found 1 shards in /tmp/gpt2_gsm8k_acts/gsm8k/train
[training] Starting SAE training
  Config: 768D → 10752D
  Device: cuda:1, AMP: True
  Max epochs: 10, Max steps: None

[epoch 0] avg_loss=218.2674, time=3.4s (18 steps)
[epoch 1] avg_loss=153.3287, time=2.9s (18 steps)
[epoch 2] avg_loss=132.5079, time=2.9s (18 steps)
[epoch 3] avg_loss=106.7428, time=2.9s (18 steps)
[epoch 4] avg_loss=81.0068, time=3.0s (18 steps)
[05] step=000100 | loss=58.3954 (recon=58.3939, l1=1.2822, decorr=0.0013) | sparsity=49.82% | lr=1.00e-05 | 98.4ms
[epoch 5] avg_loss=59.2581, time=2.9s (18 steps)
[epoch 6] avg_loss=43.2817, time=2.9s (18 steps)
[epoch 7] avg_loss=32.5216, time=2.9s (18 steps)
[epoch 8] avg_loss=25.3045, time=3.0s (18 steps)
[epoch 9] avg_loss=20.1324, time=2.9s (18 steps)

[training] Complete!
  Total steps: 180
  Total time: 29.8s
  Avg time/step: 165.6ms
[checkpoint] saved to /scratch2/f004ndc/RL-Decoder with SAE Features/checkpoints/sae/sae_768d_final.pt

[done] Training summary:
  total_steps: 180
  total_time_seconds: 29.808697612956166
  avg_time_per_step_ms: 165.60387562753425
  final_loss: 18.393165588378906
  model_saved: /scratch2/f004ndc/RL-Decoder with SAE Features/checkpoints/sae
