/scratch2/f004ndc/RL-Decoder with SAE Features/src/sae_training.py:158: FutureWarning: `torch.cuda.amp.GradScaler(args...)` is deprecated. Please use `torch.amp.GradScaler('cuda', args...)` instead.
  self.scaler = GradScaler() if self.use_amp else None
/scratch2/f004ndc/RL-Decoder with SAE Features/src/sae_training.py:196: FutureWarning: `torch.cuda.amp.autocast(args...)` is deprecated. Please use `torch.amp.autocast('cuda', args...)` instead.
  with autocast(dtype=self.dtype):
/scratch2/f004ndc/RL-Decoder with SAE Features/src/sae_training.py:223: UserWarning: Detected call of `lr_scheduler.step()` before `optimizer.step()`. In PyTorch 1.1.0 and later, you should call them in the opposite order: `optimizer.step()` before `lr_scheduler.step()`.  Failure to do this will result in PyTorch skipping the first value of the learning rate schedule. See more details at https://pytorch.org/docs/stable/optim.html#how-to-adjust-learning-rate
  self.scheduler.step()
[Dataset] Found 1 shards in /tmp/gpt2_gsm8k_acts/gsm8k/train
[training] Starting SAE training
  Config: 768D → 7680D
  Device: cuda:1, AMP: True
  Max epochs: 10, Max steps: None

[epoch 0] avg_loss=163.2335, time=2.9s (18 steps)
[epoch 1] avg_loss=116.9778, time=2.5s (18 steps)
[epoch 2] avg_loss=103.9427, time=2.5s (18 steps)
[epoch 3] avg_loss=87.2247, time=2.4s (18 steps)
[epoch 4] avg_loss=69.5420, time=2.5s (18 steps)
[05] step=000100 | loss=52.7116 (recon=52.7102, l1=1.2705, decorr=0.0013) | sparsity=49.46% | lr=1.00e-05 | 69.8ms
[epoch 5] avg_loss=53.3353, time=2.4s (18 steps)
[epoch 6] avg_loss=40.1600, time=2.4s (18 steps)
[epoch 7] avg_loss=30.4138, time=2.5s (18 steps)
[epoch 8] avg_loss=23.5624, time=2.4s (18 steps)
[epoch 9] avg_loss=18.7049, time=2.5s (18 steps)

[training] Complete!
  Total steps: 180
  Total time: 25.0s
  Avg time/step: 138.6ms
[checkpoint] saved to /scratch2/f004ndc/RL-Decoder with SAE Features/checkpoints/sae/sae_768d_final.pt

[done] Training summary:
  total_steps: 180
  total_time_seconds: 24.955300215631723
  avg_time_per_step_ms: 138.6405567535096
  final_loss: 17.167938232421875
  model_saved: /scratch2/f004ndc/RL-Decoder with SAE Features/checkpoints/sae
