/scratch2/f004ndc/RL-Decoder with SAE Features/src/sae_training.py:158: FutureWarning: `torch.cuda.amp.GradScaler(args...)` is deprecated. Please use `torch.amp.GradScaler('cuda', args...)` instead.
  self.scaler = GradScaler() if self.use_amp else None
/scratch2/f004ndc/RL-Decoder with SAE Features/src/sae_training.py:196: FutureWarning: `torch.cuda.amp.autocast(args...)` is deprecated. Please use `torch.amp.autocast('cuda', args...)` instead.
  with autocast(dtype=self.dtype):
/scratch2/f004ndc/RL-Decoder with SAE Features/src/sae_training.py:223: UserWarning: Detected call of `lr_scheduler.step()` before `optimizer.step()`. In PyTorch 1.1.0 and later, you should call them in the opposite order: `optimizer.step()` before `lr_scheduler.step()`.  Failure to do this will result in PyTorch skipping the first value of the learning rate schedule. See more details at https://pytorch.org/docs/stable/optim.html#how-to-adjust-learning-rate
  self.scheduler.step()
[Dataset] Found 1 shards in /tmp/gpt2_gsm8k_acts/gsm8k/train
[training] Starting SAE training
  Config: 768D → 4608D
  Device: cuda:1, AMP: True
  Max epochs: 10, Max steps: None

[epoch 0] avg_loss=115.2955, time=2.9s (18 steps)
[epoch 1] avg_loss=86.4663, time=2.3s (18 steps)
[epoch 2] avg_loss=79.6622, time=2.3s (18 steps)
[epoch 3] avg_loss=70.5743, time=2.2s (18 steps)
[epoch 4] avg_loss=60.3655, time=2.2s (18 steps)
[05] step=000100 | loss=49.7816 (recon=49.7802, l1=1.2578, decorr=0.0013) | sparsity=49.37% | lr=1.00e-05 | 42.9ms
[epoch 5] avg_loss=50.1884, time=2.3s (18 steps)
[epoch 6] avg_loss=40.9448, time=2.3s (18 steps)
[epoch 7] avg_loss=33.1675, time=2.2s (18 steps)
[epoch 8] avg_loss=27.0460, time=2.3s (18 steps)
[epoch 9] avg_loss=22.3809, time=2.2s (18 steps)

[training] Complete!
  Total steps: 180
  Total time: 23.2s
  Avg time/step: 128.7ms
[checkpoint] saved to /scratch2/f004ndc/RL-Decoder with SAE Features/checkpoints/sae/sae_768d_final.pt

[done] Training summary:
  total_steps: 180
  total_time_seconds: 23.16547317430377
  avg_time_per_step_ms: 128.6970731905765
  final_loss: 20.810855865478516
  model_saved: /scratch2/f004ndc/RL-Decoder with SAE Features/checkpoints/sae
